C51 COMPILER V9.55   DELAY                                                                 04/20/2016 13:06:34 PAGE 1   


C51 COMPILER V9.55, COMPILATION OF MODULE DELAY
OBJECT MODULE PLACED IN .\Objects\delay.obj
COMPILER INVOKED BY: C:\Keil_v5\C51\BIN\C51.EXE delay.c OPTIMIZE(8,SPEED) BROWSE DEBUG OBJECTEXTEND PRINT(.\Listings\del
                    -ay.lst) TABS(2) OBJECT(.\Objects\delay.obj)

line level    source

   1          #include <REG8253.H>
   2          void delay_ms(unsigned int time) //delay function using timer0 to generate isec of delay.
   3          { 
   4   1        
   5   1        unsigned char i,limit;
   6   1        limit=(time/25);
   7   1        for(i=0;i<limit;i++)
   8   1        {
   9   2      TMOD=0x01;
  10   2      TL0=0xCB;
  11   2      TH0=0x7D; 
  12   2      TR0=1;
  13   2      while(!TF0);
  14   2      TF0=0;
  15   2      TR0=0;  
  16   2      }
  17   1      }


MODULE INFORMATION:   STATIC OVERLAYABLE
   CODE SIZE        =     36    ----
   CONSTANT SIZE    =   ----    ----
   XDATA SIZE       =   ----    ----
   PDATA SIZE       =   ----    ----
   DATA SIZE        =   ----    ----
   IDATA SIZE       =   ----    ----
   BIT SIZE         =   ----    ----
END OF MODULE INFORMATION.


C51 COMPILATION COMPLETE.  0 WARNING(S),  0 ERROR(S)
