C51 COMPILER V9.55   MAIN                                                                  04/20/2016 13:06:34 PAGE 1   


C51 COMPILER V9.55, COMPILATION OF MODULE MAIN
OBJECT MODULE PLACED IN .\Objects\main.obj
COMPILER INVOKED BY: C:\Keil_v5\C51\BIN\C51.EXE main.c OPTIMIZE(8,SPEED) BROWSE DEBUG OBJECTEXTEND PRINT(.\Listings\main
                    -.lst) TABS(2) OBJECT(.\Objects\main.obj)

line level    source

   1          /*
   2          PROJECT Name: LED
   3          Author      : Etiq Technologies
   4          Created on  :16 April 2016
   5          Description:  The Project is a demo project for the AT89S8253 programming.
   6                        The code blinks the LEDs connected to  port2 of the AT89S8253 
   7                        controller when switch at p0_1 pin pressed and hold.Since inbuilt 
   8                        delay routine is not available a delay library using the timer                                     
             -           
   9                        modules of the controller is created and attached with the project.
  10                        only delays in milliseconds greater and multiples of 25 should be
  11                        passed to the funcion.
  12          
  13          */
  14          
  15          
  16          #include <REG8253.H>
  17          #include "delay.h"           //delay header
  18          
  19          
  20          void main()
  21          {
  22   1        P0_0=1;
  23   1        while(1)
  24   1        {
  25   2        if(P0_0==0)
  26   2        {
  27   3          P0_1=0;
  28   3          delay_ms(1500);
  29   3          P0_1=1;
  30   3          delay_ms(1500);
  31   3        }
  32   2      }
  33   1        }
  34          
  35          
  36            


MODULE INFORMATION:   STATIC OVERLAYABLE
   CODE SIZE        =     25    ----
   CONSTANT SIZE    =   ----    ----
   XDATA SIZE       =   ----    ----
   PDATA SIZE       =   ----    ----
   DATA SIZE        =   ----    ----
   IDATA SIZE       =   ----    ----
   BIT SIZE         =   ----    ----
END OF MODULE INFORMATION.


C51 COMPILATION COMPLETE.  0 WARNING(S),  0 ERROR(S)
